\BOOKMARK [1][-]{section.1}{\376\377\000S\000u\000m\000m\000a\000r\000y}{}
\BOOKMARK [1][-]{section.2}{\376\377\000I\000n\000t\000r\000o\000d\000u\000c\000t\000i\000o\000n}{}
\BOOKMARK [2][-]{subsection.2.1}{\376\377\000W\000h\000a\000t\000\040\000i\000s\000\040\000S\000y\000s\000t\000e\000m\000s\000\040\000B\000i\000o\000l\000o\000g\000y\000?}{section.2}
\BOOKMARK [2][-]{subsection.2.2}{\376\377\000S\000t\000a\000t\000e\000m\000e\000n\000t\000\040\000O\000f\000\040\000P\000r\000o\000b\000l\000e\000m}{section.2}
\BOOKMARK [2][-]{subsection.2.3}{\376\377\000Q\000u\000a\000n\000t\000i\000t\000a\000t\000i\000v\000e\000\040\000A\000p\000p\000r\000o\000a\000c\000h\000e\000s}{section.2}
\BOOKMARK [3][-]{subsubsection.2.3.1}{\376\377\000Q\000u\000a\000n\000t\000i\000t\000a\000t\000i\000v\000e\000\040\000M\000o\000d\000e\000l\000s\000\040\000B\000a\000s\000e\000d\000\040\000o\000n\000\040\000D\000i\000f\000f\000e\000r\000e\000n\000t\000i\000a\000l\000\040\000E\000q\000u\000a\000t\000i\000o\000n\000s}{subsection.2.3}
\BOOKMARK [1][-]{section.3}{\376\377\000S\000t\000a\000n\000d\000a\000r\000d\000s}{}
\BOOKMARK [2][-]{subsection.3.1}{\376\377\000M\000i\000n\000i\000m\000u\000m\000\040\000I\000n\000f\000o\000r\000m\000a\000t\000i\000o\000n\000\040\000\050\000M\000I\000\051}{section.3}
\BOOKMARK [3][-]{subsubsection.3.1.1}{\376\377\000M\000i\000n\000i\000m\000u\000m\000\040\000I\000n\000f\000o\000r\000m\000a\000t\000i\000o\000n\000\040\000R\000e\000q\000u\000i\000r\000e\000d\000\040\000i\000n\000\040\000t\000h\000e\000\040\000A\000n\000n\000o\000t\000a\000t\000i\000o\000n\000\040\000o\000f\000\040\000M\000o\000d\000e\000l\000s\000\040\000\050\000M\000I\000R\000I\000A\000M\000\051}{subsection.3.1}
\BOOKMARK [3][-]{subsubsection.3.1.2}{\376\377\000M\000i\000n\000i\000m\000u\000m\000\040\000I\000n\000f\000o\000r\000m\000a\000t\000i\000o\000n\000\040\000A\000b\000o\000u\000t\000\040\000a\000\040\000S\000i\000m\000u\000l\000a\000t\000i\000o\000n\000\040\000E\000x\000p\000e\000r\000i\000m\000e\000n\000t\000\040\000\050\000M\000I\000A\000S\000E\000\051}{subsection.3.1}
\BOOKMARK [2][-]{subsection.3.2}{\376\377\000O\000n\000t\000o\000l\000o\000g\000i\000e\000s}{section.3}
\BOOKMARK [3][-]{subsubsection.3.2.1}{\376\377\000O\000p\000e\000n\000\040\000B\000i\000o\000m\000e\000d\000i\000c\000a\000l\000\040\000O\000n\000t\000o\000l\000o\000g\000i\000e\000s\000\040\000\050\000O\000B\000O\000\051}{subsection.3.2}
\BOOKMARK [3][-]{subsubsection.3.2.2}{\376\377\000M\000o\000d\000e\000l\000\040\000A\000n\000n\000o\000t\000a\000t\000i\000o\000n\000s}{subsection.3.2}
\BOOKMARK [3][-]{subsubsection.3.2.3}{\376\377\000S\000i\000m\000u\000l\000a\000t\000i\000o\000n\000\040\000E\000x\000p\000e\000r\000i\000m\000e\000n\000t\000\040\000A\000n\000n\000o\000t\000a\000t\000i\000o\000n\000s}{subsection.3.2}
\BOOKMARK [2][-]{subsection.3.3}{\376\377\000P\000h\000y\000s\000i\000o\000l\000o\000g\000i\000c\000a\000l\000\040\000M\000o\000d\000e\000l\000s}{section.3}
\BOOKMARK [3][-]{subsubsection.3.3.1}{\376\377\000C\000e\000l\000l\000M\000L}{subsection.3.3}
\BOOKMARK [3][-]{subsubsection.3.3.2}{\376\377\000S\000y\000s\000t\000e\000m\000s\000\040\000B\000i\000o\000l\000o\000g\000y\000\040\000M\000a\000r\000k\000u\000p\000\040\000L\000a\000n\000g\000u\000a\000g\000e\000\040\000\050\000S\000B\000M\000L\000\051}{subsection.3.3}
\BOOKMARK [3][-]{subsubsection.3.3.3}{\376\377\000N\000e\000u\000r\000o\000M\000L}{subsection.3.3}
\BOOKMARK [2][-]{subsection.3.4}{\376\377\000S\000i\000m\000u\000l\000a\000t\000i\000o\000n}{section.3}
\BOOKMARK [3][-]{subsubsection.3.4.1}{\376\377\000S\000i\000m\000u\000l\000a\000t\000i\000o\000n\000\040\000E\000x\000p\000e\000r\000i\000m\000e\000n\000t\000\040\000D\000e\000s\000c\000r\000i\000p\000t\000i\000o\000n\000\040\000M\000a\000r\000k\000u\000p\000\040\000L\000a\000n\000g\000u\000a\000g\000e\000\040\000\050\000S\000E\000D\000-\000M\000L\000\051}{subsection.3.4}
\BOOKMARK [3][-]{subsubsection.3.4.2}{\376\377\000S\000y\000s\000t\000e\000m\000s\000\040\000B\000i\000o\000l\000o\000g\000y\000\040\000R\000e\000s\000u\000l\000t\000s\000\040\000M\000a\000r\000k\000u\000p\000\040\000L\000a\000n\000g\000u\000a\000g\000e\000\040\000\050\000S\000B\000R\000M\000L\000\051}{subsection.3.4}
\BOOKMARK [3][-]{subsubsection.3.4.3}{\376\377\000N\000u\000m\000e\000r\000i\000c\000a\000l\000\040\000M\000a\000r\000k\000u\000p\000\040\000L\000a\000n\000g\000u\000a\000g\000e\000\040\000\050\000N\000u\000M\000L\000\051}{subsection.3.4}
\BOOKMARK [2][-]{subsection.3.5}{\376\377\000V\000i\000s\000u\000a\000l\000i\000z\000a\000t\000i\000o\000n}{section.3}
\BOOKMARK [3][-]{subsubsection.3.5.1}{\376\377\000S\000y\000s\000t\000e\000m\000s\000\040\000B\000i\000o\000l\000o\000g\000y\000\040\000G\000r\000a\000p\000h\000i\000c\000a\000l\000\040\000N\000o\000t\000a\000t\000i\000o\000n\000\040\000\050\000S\000B\000G\000N\000\051}{subsection.3.5}
\BOOKMARK [2][-]{subsection.3.6}{\376\377\000O\000t\000h\000e\000r\000\040\000S\000t\000a\000n\000d\000a\000r\000d\000s}{section.3}
\BOOKMARK [3][-]{subsubsection.3.6.1}{\376\377\000H\000u\000m\000a\000n\000\040\000R\000e\000a\000d\000a\000b\000l\000e\000\040\000F\000o\000r\000m\000a\000t\000s}{subsection.3.6}
\BOOKMARK [3][-]{subsubsection.3.6.2}{\376\377\000B\000i\000o\000l\000o\000g\000i\000c\000a\000l\000\040\000P\000a\000t\000h\000w\000a\000y\000\040\000E\000x\000c\000h\000a\000n\000g\000e\000\040\000\050\000B\000i\000o\000P\000A\000X\000\051}{subsection.3.6}
\BOOKMARK [2][-]{subsection.3.7}{\376\377\000M\000o\000d\000e\000l\000\040\000D\000a\000t\000a\000b\000a\000s\000e\000s}{section.3}
\BOOKMARK [3][-]{subsubsection.3.7.1}{\376\377\000B\000i\000o\000M\000o\000d\000e\000l\000s}{subsection.3.7}
\BOOKMARK [3][-]{subsubsection.3.7.2}{\376\377\000C\000e\000l\000l\000M\000L\000\040\000R\000e\000p\000o\000s\000i\000t\000o\000r\000y}{subsection.3.7}
\BOOKMARK [3][-]{subsubsection.3.7.3}{\376\377\000P\000h\000y\000s\000i\000o\000m\000e\000\040\000R\000e\000p\000o\000s\000i\000t\000o\000r\000y}{subsection.3.7}
\BOOKMARK [3][-]{subsubsection.3.7.4}{\376\377\000J\000S\000i\000m\000\040\000R\000e\000p\000o\000s\000i\000t\000o\000r\000y}{subsection.3.7}
\BOOKMARK [3][-]{subsubsection.3.7.5}{\376\377\000J\000W\000S\000\040\000O\000n\000l\000i\000n\000e}{subsection.3.7}
\BOOKMARK [2][-]{subsection.3.8}{\376\377\000F\000u\000t\000u\000r\000e\000\040\000C\000o\000n\000s\000i\000d\000e\000r\000a\000t\000i\000o\000n\000s}{section.3}
\BOOKMARK [1][-]{section.4}{\376\377\000P\000l\000a\000t\000f\000o\000r\000m\000s}{}
\BOOKMARK [2][-]{subsection.4.1}{\376\377\000M\000o\000d\000e\000l\000i\000n\000g}{section.4}
\BOOKMARK [3][-]{subsubsection.4.1.1}{\376\377\000C\000e\000l\000l\000D\000e\000s\000i\000g\000n\000e\000r}{subsection.4.1}
\BOOKMARK [3][-]{subsubsection.4.1.2}{\376\377\000J\000S\000i\000m\000\040}{subsection.4.1}
\BOOKMARK [3][-]{subsubsection.4.1.3}{\376\377\000J\000D\000e\000s\000i\000g\000n\000e\000r}{subsection.4.1}
\BOOKMARK [3][-]{subsubsection.4.1.4}{\376\377\000P\000y\000S\000C\000e\000S}{subsection.4.1}
\BOOKMARK [3][-]{subsubsection.4.1.5}{\376\377\000S\000y\000s\000t\000e\000m\000s\000\040\000B\000i\000o\000l\000o\000g\000y\000\040\000W\000o\000r\000k\000b\000e\000n\000c\000h\000\040\000\050\000S\000B\000W\000\051}{subsection.4.1}
\BOOKMARK [3][-]{subsubsection.4.1.6}{\376\377\000V\000C\000e\000l\000l}{subsection.4.1}
\BOOKMARK [3][-]{subsubsection.4.1.7}{\376\377\000O\000t\000h\000e\000r\000\040\000M\000o\000d\000e\000l\000i\000n\000g\000\040\000T\000o\000o\000l\000s}{subsection.4.1}
\BOOKMARK [2][-]{subsection.4.2}{\376\377\000S\000i\000m\000u\000l\000a\000t\000i\000o\000n\000\040\000E\000n\000g\000i\000n\000e\000s\000\040\000L\000i\000b\000r\000a\000r\000i\000e\000s}{section.4}
\BOOKMARK [3][-]{subsubsection.4.2.1}{\376\377\000C\000O\000P\000A\000S\000I}{subsection.4.2}
\BOOKMARK [3][-]{subsubsection.4.2.2}{\376\377\000L\000i\000b\000S\000B\000M\000L\000S\000i\000m}{subsection.4.2}
\BOOKMARK [3][-]{subsubsection.4.2.3}{\376\377\000R\000o\000a\000d\000R\000u\000n\000n\000e\000r}{subsection.4.2}
\BOOKMARK [3][-]{subsubsection.4.2.4}{\376\377\000S\000B\000M\000L\000S\000i\000m\000u\000l\000a\000t\000o\000r}{subsection.4.2}
\BOOKMARK [2][-]{subsection.4.3}{\376\377\000M\000A\000T\000L\000A\000B}{section.4}
\BOOKMARK [3][-]{subsubsection.4.3.1}{\376\377\000S\000i\000m\000B\000i\000o\000l\000o\000g\000y}{subsection.4.3}
\BOOKMARK [3][-]{subsubsection.4.3.2}{\376\377\000S\000y\000s\000t\000e\000m\000s\000\040\000B\000i\000o\000l\000o\000g\000y\000\040\000T\000o\000o\000l\000b\000o\000x\000\040\000\050\000S\000B\000T\000o\000o\000l\000B\000o\000x\0002\000\051\000\040\000a\000n\000d\000\040\000P\000o\000t\000t\000e\000r\000s\000W\000h\000e\000e\000l}{subsection.4.3}
\BOOKMARK [3][-]{subsubsection.4.3.3}{\376\377\000S\000B\000M\000L\000T\000o\000o\000l\000b\000o\000x}{subsection.4.3}
\BOOKMARK [3][-]{subsubsection.4.3.4}{\376\377\000S\000B\000M\000L\000\040\000t\000o\000\040\000M\000A\000T\000L\000A\000B\000\040\000T\000r\000a\000n\000s\000l\000a\000t\000i\000o\000n}{subsection.4.3}
\BOOKMARK [1][-]{section.5}{\376\377\000A\000p\000p\000l\000i\000c\000a\000t\000i\000o\000n\000s}{}
\BOOKMARK [2][-]{subsection.5.1}{\376\377\000M\000o\000d\000e\000l\000\040\000A\000n\000a\000l\000y\000s\000i\000s}{section.5}
\BOOKMARK [2][-]{subsection.5.2}{\376\377\000M\000o\000d\000e\000l\000\040\000F\000i\000t\000t\000i\000n\000g\000\040\000a\000n\000d\000\040\000V\000a\000l\000i\000d\000a\000t\000i\000o\000n}{section.5}
\BOOKMARK [1][-]{section.6}{\376\377\000F\000u\000t\000u\000r\000e\000\040\000P\000r\000o\000s\000p\000e\000c\000t\000s\000\040\000a\000n\000d\000\040\000C\000o\000n\000c\000l\000u\000s\000i\000o\000n}{}
\BOOKMARK [1][-]{section.7}{\376\377\000R\000e\000c\000o\000m\000m\000e\000n\000d\000e\000d\000\040\000R\000e\000s\000o\000u\000r\000c\000e\000s}{}
\BOOKMARK [1][-]{section.8}{\376\377\000A\000c\000k\000n\000o\000w\000l\000e\000d\000g\000m\000e\000n\000t\000s}{}
